<?xml version="1.0" encoding="UTF-8"?>
<testsuite name="com.kodilla.testing.collection.CollectionTestSuite" tests="2" skipped="0" failures="0" errors="0" timestamp="2019-05-15T19:53:52" hostname="CE19635" time="0.011">
  <properties/>
  <testcase name="testOddNumbersExterminatorEmptyList" classname="com.kodilla.testing.collection.CollectionTestSuite" time="0.01"/>
  <testcase name="testOddNumbersExterminatorNormalList" classname="com.kodilla.testing.collection.CollectionTestSuite" time="0.001"/>
  <system-out><![CDATA[ START : testOddNumbersExterminatorEmptyList
 FINISH : testOddNumbersExterminatorEmptyList
 START : testOddNumbersExterminatorNormalList
 FINISH : testOddNumbersExterminatorNormalList
]]></system-out>
  <system-err><![CDATA[]]></system-err>
</testsuite>
