<?xml version="1.0" encoding="UTF-8"?>
<testsuite name="com.kodilla.testing.forum.statistics.StatisticsCalculatorTestSuite" tests="7" skipped="0" failures="0" errors="0" timestamp="2019-05-15T19:53:53" hostname="CE19635" time="0.02">
  <properties/>
  <testcase name="testCalculateAvgStatisticCommentsNrBiggerThanPostsNr" classname="com.kodilla.testing.forum.statistics.StatisticsCalculatorTestSuite" time="0.014"/>
  <testcase name="testCalculateAvgStatisticsZeroPosts" classname="com.kodilla.testing.forum.statistics.StatisticsCalculatorTestSuite" time="0.0"/>
  <testcase name="testCalculateAvgStatisticsZeroUsers" classname="com.kodilla.testing.forum.statistics.StatisticsCalculatorTestSuite" time="0.001"/>
  <testcase name="testCalculateAvgStatisticCommentsNrLowerThanPostsNr" classname="com.kodilla.testing.forum.statistics.StatisticsCalculatorTestSuite" time="0.0"/>
  <testcase name="testCalculateAvgStatistics100Users" classname="com.kodilla.testing.forum.statistics.StatisticsCalculatorTestSuite" time="0.0"/>
  <testcase name="testCalculateAvgStatisticsZeroComments" classname="com.kodilla.testing.forum.statistics.StatisticsCalculatorTestSuite" time="0.001"/>
  <testcase name="testCalculateAvgStatistics1000Posts" classname="com.kodilla.testing.forum.statistics.StatisticsCalculatorTestSuite" time="0.0"/>
  <system-out><![CDATA[]]></system-out>
  <system-err><![CDATA[]]></system-err>
</testsuite>
