<?xml version="1.0" encoding="UTF-8"?>
<testsuite name="com.kodilla.testing.library.BooksInHandsOfTestSuite" tests="3" skipped="0" failures="0" errors="0" timestamp="2019-05-15T19:53:53" hostname="CE19635" time="0.002">
  <properties/>
  <testcase name="testNoBooksInHandsOf" classname="com.kodilla.testing.library.BooksInHandsOfTestSuite" time="0.001"/>
  <testcase name="test5BooksInHandsOf" classname="com.kodilla.testing.library.BooksInHandsOfTestSuite" time="0.0"/>
  <testcase name="oneBookInHandsOf" classname="com.kodilla.testing.library.BooksInHandsOfTestSuite" time="0.0"/>
  <system-out><![CDATA[]]></system-out>
  <system-err><![CDATA[]]></system-err>
</testsuite>
